C:\Users\Siming\Desktop\SE\VideoPlugin\Debug\VideoPlugin.exp
C:\USERS\SIMING\DESKTOP\SE\VIDEOPLUGIN\DEBUG\VIDEOPLUGIN.ILK
C:\Users\Siming\Desktop\SE\VideoPlugin\Debug\VideoPlugin.lib
C:\USERS\SIMING\DESKTOP\SE\VIDEOPLUGIN\DEBUG\VIDEOPLUGIN.OCX
C:\USERS\SIMING\DESKTOP\SE\VIDEOPLUGIN\DEBUG\VIDEOPLUGIN.OCX.MANIFEST
C:\USERS\SIMING\DESKTOP\SE\VIDEOPLUGIN\DEBUG\VIDEOPLUGIN.PDB
C:\USERS\SIMING\DESKTOP\SE\VIDEOPLUGIN\VIDEOPLUGIN\DEBUG\AUDIOPKTQUEUE.OBJ
C:\USERS\SIMING\DESKTOP\SE\VIDEOPLUGIN\VIDEOPLUGIN\DEBUG\BUFFQUEUE.OBJ
C:\Users\Siming\Desktop\SE\VideoPlugin\VideoPlugin\Debug\cl.command.1.tlog
C:\Users\Siming\Desktop\SE\VideoPlugin\VideoPlugin\Debug\CL.read.1.tlog
C:\Users\Siming\Desktop\SE\VideoPlugin\VideoPlugin\Debug\CL.write.1.tlog
C:\USERS\SIMING\DESKTOP\SE\VIDEOPLUGIN\VIDEOPLUGIN\DEBUG\GET_DATA.OBJ
C:\Users\Siming\Desktop\SE\VideoPlugin\VideoPlugin\Debug\link.command.1.tlog
C:\Users\Siming\Desktop\SE\VideoPlugin\VideoPlugin\Debug\link.read.1.tlog
C:\Users\Siming\Desktop\SE\VideoPlugin\VideoPlugin\Debug\link.write.1.tlog
C:\Users\Siming\Desktop\SE\VideoPlugin\VideoPlugin\Debug\link-cvtres.read.1.tlog
C:\Users\Siming\Desktop\SE\VideoPlugin\VideoPlugin\Debug\link-cvtres.write.1.tlog
C:\Users\Siming\Desktop\SE\VideoPlugin\VideoPlugin\Debug\midl.command.1.tlog
C:\Users\Siming\Desktop\SE\VideoPlugin\VideoPlugin\Debug\midl.read.1.tlog
C:\Users\Siming\Desktop\SE\VideoPlugin\VideoPlugin\Debug\midl.write.1.tlog
C:\Users\Siming\Desktop\SE\VideoPlugin\VideoPlugin\Debug\midl-midlc.read.1.tlog
C:\Users\Siming\Desktop\SE\VideoPlugin\VideoPlugin\Debug\midl-midlc.write.1.tlog
C:\Users\Siming\Desktop\SE\VideoPlugin\VideoPlugin\Debug\midl-midlc-cl.read.1.tlog
C:\Users\Siming\Desktop\SE\VideoPlugin\VideoPlugin\Debug\midl-midlc-cl.write.1.tlog
C:\Users\Siming\Desktop\SE\VideoPlugin\VideoPlugin\Debug\mt.command.1.tlog
C:\Users\Siming\Desktop\SE\VideoPlugin\VideoPlugin\Debug\mt.read.1.tlog
C:\Users\Siming\Desktop\SE\VideoPlugin\VideoPlugin\Debug\mt.write.1.tlog
C:\USERS\SIMING\DESKTOP\SE\VIDEOPLUGIN\VIDEOPLUGIN\DEBUG\PLAYERBUFFER.OBJ
C:\Users\Siming\Desktop\SE\VideoPlugin\VideoPlugin\Debug\rc.command.1.tlog
C:\Users\Siming\Desktop\SE\VideoPlugin\VideoPlugin\Debug\rc.read.1.tlog
C:\Users\Siming\Desktop\SE\VideoPlugin\VideoPlugin\Debug\rc.write.1.tlog
C:\USERS\SIMING\DESKTOP\SE\VIDEOPLUGIN\VIDEOPLUGIN\DEBUG\RETRANSTHREAD.OBJ
C:\USERS\SIMING\DESKTOP\SE\VIDEOPLUGIN\VIDEOPLUGIN\DEBUG\RETRANSTREATOR.OBJ
C:\USERS\SIMING\DESKTOP\SE\VIDEOPLUGIN\VIDEOPLUGIN\DEBUG\STDAFX.OBJ
C:\USERS\SIMING\DESKTOP\SE\VIDEOPLUGIN\VIDEOPLUGIN\DEBUG\TINYSTR.OBJ
C:\USERS\SIMING\DESKTOP\SE\VIDEOPLUGIN\VIDEOPLUGIN\DEBUG\TINYXML.OBJ
C:\USERS\SIMING\DESKTOP\SE\VIDEOPLUGIN\VIDEOPLUGIN\DEBUG\TINYXMLERROR.OBJ
C:\USERS\SIMING\DESKTOP\SE\VIDEOPLUGIN\VIDEOPLUGIN\DEBUG\TINYXMLPARSER.OBJ
C:\Users\Siming\Desktop\SE\VideoPlugin\VideoPlugin\Debug\vc100.idb
C:\USERS\SIMING\DESKTOP\SE\VIDEOPLUGIN\VIDEOPLUGIN\DEBUG\VC100.PDB
C:\USERS\SIMING\DESKTOP\SE\VIDEOPLUGIN\VIDEOPLUGIN\DEBUG\VIDEOCLIENTDLG.OBJ
C:\USERS\SIMING\DESKTOP\SE\VIDEOPLUGIN\VIDEOPLUGIN\DEBUG\VIDEOPLUGIN.OBJ
C:\USERS\SIMING\DESKTOP\SE\VIDEOPLUGIN\VIDEOPLUGIN\DEBUG\VIDEOPLUGIN.OCX.INTERMEDIATE.MANIFEST
C:\USERS\SIMING\DESKTOP\SE\VIDEOPLUGIN\VIDEOPLUGIN\DEBUG\VIDEOPLUGIN.PCH
C:\USERS\SIMING\DESKTOP\SE\VIDEOPLUGIN\VIDEOPLUGIN\DEBUG\VIDEOPLUGIN.RES
C:\USERS\SIMING\DESKTOP\SE\VIDEOPLUGIN\VIDEOPLUGIN\DEBUG\VIDEOPLUGIN.TLB
C:\Users\Siming\Desktop\SE\VideoPlugin\VideoPlugin\Debug\VideoPlugin.vcxprojResolveAssemblyReference.cache
C:\Users\Siming\Desktop\SE\VideoPlugin\VideoPlugin\Debug\VideoPlugin.write.1.tlog
C:\USERS\SIMING\DESKTOP\SE\VIDEOPLUGIN\VIDEOPLUGIN\DEBUG\VIDEOPLUGINCTRL.OBJ
C:\USERS\SIMING\DESKTOP\SE\VIDEOPLUGIN\VIDEOPLUGIN\DEBUG\VIDEOPLUGINPROPPAGE.OBJ
C:\USERS\SIMING\DESKTOP\SE\VIDEOPLUGIN\VIDEOPLUGIN\DEBUG\VIDEOUTIL.OBJ
C:\USERS\SIMING\DESKTOP\SE\VIDEOPLUGIN\VIDEOPLUGIN\VIDEOPLUGIN_I.C
C:\USERS\SIMING\DESKTOP\SE\VIDEOPLUGIN\VIDEOPLUGIN\VIDEOPLUGINIDL.H
