生成启动时间为 2014/10/17 14:24:13。
     1>项目“D:\3503_Lab\SignForVideoPlugin\VideoPlugin-safescriptinterface\VideoPlugin\VideoPlugin.vcxproj”在节点 2 上(build 个目标)。
     1>InitializeBuildStatus:
         正在创建“Debug\VideoPlugin.unsuccessfulbuild”，因为已指定“AlwaysCreate”。
       Midl:
         所有输出均为最新。
       ClCompile:
         所有输出均为最新。
         C:\Program Files (x86)\Microsoft Visual Studio 10.0\VC\bin\CL.exe /c /ZI /nologo /W3 /WX- /Od /Oy- /D WIN32 /D _WINDOWS /D _DEBUG /D _USRDLL /D _WINDLL /D _MBCS /Gm /EHsc /RTC1 /MTd /GS /fp:precise /Zc:wchar_t /Zc:forScope /Yu"StdAfx.h" /Fp"Debug\VideoPlugin.pch" /Fo"Debug\\" /Fd"Debug\vc100.pdb" /Gd /TP /analyze- /errorReport:prompt get_data.cpp
         get_data.cpp
     1>d:\3503_lab\signforvideoplugin\videoplugin-safescriptinterface\videoplugin\get_data.cpp(100): warning C4996: 'itoa': The POSIX name for this item is deprecated. Instead, use the ISO C++ conformant name: _itoa. See online help for details.
                 c:\program files (x86)\microsoft visual studio 10.0\vc\include\stdlib.h(867) : 参见“itoa”的声明
     1>d:\3503_lab\signforvideoplugin\videoplugin-safescriptinterface\videoplugin\get_data.cpp(103): warning C4101: “sin”: 未引用的局部变量
     1>d:\3503_lab\signforvideoplugin\videoplugin-safescriptinterface\videoplugin\get_data.cpp(250): warning C4101: “saClient”: 未引用的局部变量
         所有输出均为最新。
       ResourceCompile:
         所有输出均为最新。
       Link:
         C:\Program Files (x86)\Microsoft Visual Studio 10.0\VC\bin\link.exe /ERRORREPORT:PROMPT /OUT:"D:\3503_Lab\SignForVideoPlugin\VideoPlugin-safescriptinterface\Debug\VideoPlugin.ocx" /INCREMENTAL /NOLOGO /LIBPATH:"D:\3503_Lab\SignForVideoPlugin\VideoPlugin-safescriptinterface\\VideoPlugin\lib" /LIBPATH:"D:\3503_Lab\SignForVideoPlugin\VideoPlugin-safescriptinterface\\VideoPlugin" avcodec.lib avdevice.lib avfilter.lib avformat.lib avutil.lib swscale.lib SDL.lib SDLmain.lib /DEF:".\VideoPlugin.def" /MANIFEST /ManifestFile:"Debug\VideoPlugin.ocx.intermediate.manifest" /MANIFESTUAC:"level='asInvoker' uiAccess='false'" /DEBUG /PDB:"D:\3503_Lab\SignForVideoPlugin\VideoPlugin-safescriptinterface\Debug\VideoPlugin.pdb" /SUBSYSTEM:WINDOWS /TLBID:1 /DYNAMICBASE /NXCOMPAT /IMPLIB:"D:\3503_Lab\SignForVideoPlugin\VideoPlugin-safescriptinterface\Debug\VideoPlugin.lib" /MACHINE:X86 /DLL Debug\VideoPlugin.res
         Debug\audioPktQueue.obj
         Debug\BuffQueue.obj
         Debug\Cathelp.obj
         Debug\get_data.obj
         Debug\PlayerBuffer.obj
         Debug\RetransThread.obj
         Debug\RetransTreator.obj
         Debug\stdafx.obj
         Debug\tinystr.obj
         Debug\tinyxml.obj
         Debug\tinyxmlerror.obj
         Debug\tinyxmlparser.obj
         Debug\VideoClientDlg.obj
         Debug\VideoPlugin.obj
         Debug\VideoPluginCtrl.obj
         Debug\VideoPluginPropPage.obj
         Debug\VideoUtil.obj
         VideoPlugin.vcxproj -> D:\3503_Lab\SignForVideoPlugin\VideoPlugin-safescriptinterface\Debug\VideoPlugin.ocx
       Manifest:
         C:\Program Files (x86)\Microsoft SDKs\Windows\v7.0A\bin\mt.exe /nologo /verbose /out:"D:\3503_Lab\SignForVideoPlugin\VideoPlugin-safescriptinterface\Debug\VideoPlugin.ocx.manifest" /manifest Debug\VideoPlugin.ocx.intermediate.manifest "C:\Program Files (x86)\Microsoft Visual Studio 10.0\VC\Include\Manifest\dpiaware.manifest"
       FinalizeBuildStatus:
         正在删除文件“Debug\VideoPlugin.unsuccessfulbuild”。
         正在对“Debug\VideoPlugin.lastbuildstate”执行 Touch 任务。
     1>已完成生成项目“D:\3503_Lab\SignForVideoPlugin\VideoPlugin-safescriptinterface\VideoPlugin\VideoPlugin.vcxproj”(build 个目标)的操作。

生成成功。

已用时间 00:00:01.42
